HDR: 00a4000402
ACK: a4
DATA: 3f00
STATE: 612c
HDR: 00c000002c
ACK: c0
DATA: 622a8202782183023f00a507800171830223568a01058b032f0602c60f9001f083010183010a83010b830181
STATE: 9000
HDR: 00a4080402
ACK: a4
DATA: 2fe2
STATE: 6121
HDR: 00c0000021
ACK: c0
DATA: 621f8202412183022fe2a506c00100de01008a01058b032f060c8002000a880110
STATE: 9000
HDR: 00b000000a
ACK: b0
DATA: 989301140300203646f1
STATE: 9000
HDR: 00a4080402
ACK: a4
DATA: 2f05
STATE: 6121
HDR: 00c0000021
ACK: c0
DATA: 621f8202412183022f05a506c00100de01008a01058b032f06058002000c880128
STATE: 9000
HDR: 00b000000c
ACK: b0
DATA: 6974656e646566727376ffff
STATE: 9000
HDR: 8010000014
ACK: 10
DATA: ff9fffff7f9f00dfff03071f02080c0602eb0e03
STATE: 91ab
HDR: 80120000ab
ACK: 12
DATA: d081a8810301250082028182050c566f6461666f6e652053494d8f140a53657276697a692070657220507269766174698f140b53657276697a692070657220417a69656e64658f070c4d75736963618f040d46756e8f070e47696f6368698f060f53706f72748f05104e6577738f09114f726f73636f706f8f1212436f6d6d756e69747920467269656e64738f0a134d6f62696c655061798f1114506172746e657220566f6461666f6e65
STATE: 9000
HDR: 00a4080402
ACK: a4
DATA: 2f00
STATE: 6124
HDR: 00c0000024
ACK: c0
DATA: 62228205422100260583022f00a506c00100de01008a01058b032f0604800200be8801f0
STATE: 9000
HDR: 801400000c
ACK: 14
DATA: 810301250002028281030100
STATE: 9000
HDR: 00a4080402
ACK: a4
DATA: 2f06
STATE: 6124
HDR: 00c0000024
ACK: c0
DATA: 62228205422100320e83022f06a506c00100de01208a01058b032f0601800202bc880130
STATE: 9000
HDR: 00b2040432
ACK: b2
DATA: 8001019000800102a40683010a9501088401d4a40683010a950108ffffffffffffffffffffffffffffffffffffffffffffff
STATE: 9000
HDR: 00a4080c02
ACK: a4
DATA: 2f00
STATE: 9000
HDR: 00b2010426
ACK: b2
DATA: 61204f10a0000000871002ff33ffff8906030100500c47454e45524943205553494dffffffff
STATE: 9000
HDR: 00b2020426
ACK: b2
DATA: 61194f0ca000000063504b43532d313550094d49445066696c6573ffffffffffffffffffffff
STATE: 9000
HDR: 00b2030426
ACK: b2
DATA: ffffffffffffffffffffffffffffffffffffffffffffffffffffffffffffffffffffffffffff
STATE: 9000
HDR: 00b2040426
ACK: b2
DATA: ffffffffffffffffffffffffffffffffffffffffffffffffffffffffffffffffffffffffffff
STATE: 9000
HDR: 00b2050426
ACK: b2
DATA: ffffffffffffffffffffffffffffffffffffffffffffffffffffffffffffffffffffffffffff
STATE: 9000
HDR: 00a4000c02
ACK: a4
DATA: 3f00
STATE: 9000
HDR: 00a4040c10
ACK: a4
DATA: a0000000871002ff33ffff8906030100
STATE: 9000
HDR: 00a4000402
ACK: a4
DATA: 6fb7
STATE: 6124
HDR: 00c0000024
ACK: c0
DATA: 62228205422100100583026fb7a506c00100de01008a01058b036f060780020050880108
STATE: 9000
HDR: 00a4000402
ACK: a4
DATA: 6f06
STATE: 6124
HDR: 00c0000024
ACK: c0
DATA: 622282054221003c1783026f06a506c00100de01208a01058b036f0601800205648801b8
STATE: 9000
HDR: 00b207043c
ACK: b2
DATA: 8001019000800102a40683010a9501088401d4a40683010a950108ffffffffffffffffffffffffffffffffffffffffffffffffffffffffffffffffff
STATE: 9000
HDR: 00a4000c02
ACK: a4
DATA: 6fb7
STATE: 9000
HDR: 00b2010410
ACK: b2
DATA: ffffffffffffffffffffffffffffffff
STATE: 9000
HDR: 00b2020410
ACK: b2
DATA: ffffffffffffffffffffffffffffffff
STATE: 9000
HDR: 00b2030410
ACK: b2
DATA: ffffffffffffffffffffffffffffffff
STATE: 9000
HDR: 00b2040410
ACK: b2
DATA: ffffffffffffffffffffffffffffffff
STATE: 9000
HDR: 00b2050410
ACK: b2
DATA: ffffffffffffffffffffffffffffffff
STATE: 9000
HDR: 00a4000402
ACK: a4
DATA: 6f05
STATE: 6121
HDR: 00c0000021
ACK: c0
DATA: 621f8202412183026f05a506c00100de01008a01058b036f06138002000c880110
STATE: 9000
HDR: 00b000000c
ACK: b0
DATA: ffffffffffffffffffffffff
STATE: 9000
HDR: 00a4000402
ACK: a4
DATA: 7fff
STATE: 613e
HDR: 00c000003e
ACK: c0
DATA: 623c8202782183027ff08410a0000000871002ff33ffff8906030100a507800171830223568a01058b032f0602c60f9001f083010183010a83010b830181
STATE: 9000
HDR: 002c000100
STATE: 63ca
HDR: 0020000100
STATE: 63c3
HDR: 002c008100
STATE: 63ca
HDR: 0020008100
STATE: 63c3
HDR: 80f2000c00
STATE: 9000
HDR: 0020000108
ACK: 20
DATA: 33333333ffffffff
STATE: 9000
HDR: 002c000100
STATE: 63ca
HDR: 0020000100
STATE: 63c3
HDR: 00a4000402
ACK: a4
DATA: 6f38
STATE: 6121
HDR: 00c0000021
ACK: c0
DATA: 621f8202412183026f38a506c00100de01008a01058b036f060c80020009880120
STATE: 9000
HDR: 00b0000009
ACK: b0
DATA: 0eee1f8c630e580000
STATE: 9000
HDR: 00a4000402
ACK: a4
DATA: 6f56
STATE: 6121
HDR: 00c0000021
ACK: c0
DATA: 621f8202412183026f56a506c00100de01008a01058b036f060980020003880128
STATE: 9000
HDR: 00b0000003
ACK: b0
DATA: 000000
STATE: 9000
HDR: 00a4080406
ACK: a4
DATA: 7f105f3a4f30
STATE: 6123
HDR: 00c0000023
ACK: c0
DATA: 62218205422100640283024f30a506c00100de01008a01058b036f0607800200c88800
STATE: 9000
HDR: 00a4000c02
ACK: a4
DATA: 7f10
STATE: 9000
HDR: 00a4000402
ACK: a4
DATA: 6f06
STATE: 6123
HDR: 00c0000023
ACK: c0
DATA: 622182054221003c0a83026f06a506c00100de01008a01058b036f0601800202588800
STATE: 9000
HDR: 00b207043c
ACK: b2
DATA: 800101a406830101950108800152a40683010a9501088401d4a40683010a950108ffffffffffffffffffffffffffffffffffffffffffffffffffffff
STATE: 9000
HDR: 00a4000c02
ACK: a4
DATA: 7f10
STATE: 9000
HDR: 00a4000c02
ACK: a4
DATA: 5f3a
STATE: 9000
HDR: 00a4000c02
ACK: a4
DATA: 4f30
STATE: 9000
HDR: 00b2010464
ACK: b2
DATA: a819c0034f3a02c5034f1104c6034f1205c1034f1001c9034f170aa90ac4034f1508c3034f1609aa14c2034f4a03c7034f1306c8034f1407cb034f3d0fffffffffffffffffffffffffffffffffffffffffffffffffffffffffffffffffffffffffffffff
STATE: 9000
HDR: 00b2020464
ACK: b2
DATA: a819c0034f3b11c5034f2510c6034f2814c1034f1812c9034f3115a90ac4034f1508c3034f1609aa14c2034f4a03c7034f1306c8034f1407cb034f3d0fffffffffffffffffffffffffffffffffffffffffffffffffffffffffffffffffffffffffffffff
STATE: 9000
HDR: 00a4080404
ACK: a4
DATA: 7fff6f07
STATE: 6127
HDR: 00c0000027
ACK: c0
DATA: 62258202412183026f07a50cc0010091047f206f07de01008a01058b036f060380020009880138
STATE: 9000
HDR: 00b0000009
ACK: b0
DATA: 082922012910715642
STATE: 9000
HDR: 00a4000402
ACK: a4
DATA: 6fad
STATE: 6127
HDR: 00c0000027
ACK: c0
DATA: 62258202412183026fada50cc0010091047f206fadde01008a01058b036f060780020004880118
STATE: 9000
HDR: 00b0000004
ACK: b0
DATA: 00000102
STATE: 9000
HDR: 00a4000402
ACK: a4
DATA: 6f3e
STATE: 6126
HDR: 00c0000026
ACK: c0
DATA: 62248202412183026f3ea50cc0010091047f206f3ede01008a01058b036f060b800200018800
STATE: 9000
HDR: 00b0000001
ACK: b0
DATA: ff
STATE: 9000
HDR: 00a4000402
ACK: a4
DATA: 6f3f
STATE: 6126
HDR: 00c0000026
ACK: c0
DATA: 62248202412183026f3fa50cc0010091047f206f3fde01008a01058b036f060b800200018800
STATE: 9000
HDR: 00b0000001
ACK: b0
DATA: ff
STATE: 9000
HDR: 00a4000402
ACK: a4
DATA: 6f16
STATE: 6a82
HDR: 00a4000c02
ACK: a4
DATA: 3f00
STATE: 9000
HDR: 00a4080404
ACK: a4
DATA: 7fff6f16
STATE: 6a82
HDR: 00a4000c02
ACK: a4
DATA: 3f00
STATE: 9000
HDR: 00a4080404
ACK: a4
DATA: 7fff6f15
STATE: 6a82
HDR: 00a4000c02
ACK: a4
DATA: 3f00
STATE: 9000
HDR: 00a4080404
ACK: a4
DATA: 7fff6f15
STATE: 6a82
HDR: 00a4000c02
ACK: a4
DATA: 3f00
STATE: 9000
HDR: 00a4080c04
ACK: a4
DATA: 7fff6f38
STATE: 9000
HDR: 00b0000009
ACK: b0
DATA: 0eee1f8c630e580000
STATE: 9000
HDR: 00a4000c02
ACK: a4
DATA: 6f56
STATE: 9000
HDR: 00b0000003
ACK: b0
DATA: 000000
STATE: 9000
HDR: 00a4000402
ACK: a4
DATA: 6fc4
STATE: 6120
HDR: 00c0000020
ACK: c0
DATA: 621e8202412183026fc4a506c00180de01008a01058b036f060a800200928800
STATE: 9000
HDR: 00b0000092
ACK: b0
DATA: ffffffffffffffffffffffffffffffffffffffffffffffffffffffffffffffffffffffffffffffffffffffffffffffffffffffffffffffffffffffffffffffffffffffffffffffffffffffffffffffffffffffffffffffffffffffffffffffffffffffffffffffffffffffffffffffffffffffffffffffffffffffffffffffffffffffffffffffffffffffffffffffffffff
STATE: 9000
HDR: 00a4000c02
ACK: a4
DATA: 6fad
STATE: 9000
HDR: 00b0000004
ACK: b0
DATA: 00000102
STATE: 9000
HDR: 00a4000c02
ACK: a4
DATA: 6f07
STATE: 9000
HDR: 00b0000009
ACK: b0
DATA: 082922012910715642
STATE: 9000
HDR: 00a4000402
ACK: a4
DATA: 6f78
STATE: 6127
HDR: 00c0000027
ACK: c0
DATA: 62258202412183026f78a50cc0010091047f206f78de01008a01058b036f060380020002880130
STATE: 9000
HDR: 00b0000002
ACK: b0
DATA: 0010
STATE: 9000
HDR: 00a4000402
ACK: a4
DATA: 6f31
STATE: 6127
HDR: 00c0000027
ACK: c0
DATA: 62258202412183026f31a50cc0010091047f206f31de01008a01058b036f061580020001880190
STATE: 9000
HDR: 00b0000001
ACK: b0
DATA: 05
STATE: 9000
HDR: 00a4000402
ACK: a4
DATA: 6f62
STATE: 6127
HDR: 00c0000027
ACK: c0
DATA: 62258202412183026f62a50cc0010091047f206f62de01008a01058b036f060b8002000a880198
STATE: 9000
HDR: 00b000000a
ACK: b0
DATA: 22f2018080ffffff8080
STATE: 9000
HDR: 00a4000402
ACK: a4
DATA: 6f60
STATE: 6127
HDR: 00c0000027
ACK: c0
DATA: 62258202412183026f60a50cc0010091047f206f60de01008a01058b036f060a80020177880150
STATE: 9000
HDR: 00b0000000
ACK: b0
DATA: 02f801808012f410808062f220808032f451808022f810808002f250808032f210808022f6108080130014808002f610808002f440808012f901808062f010808006f220808062f810808082f620808064f000808092f304808032f030808012f607808072f210808042f080808072f620808052f010808072f810808015f010808032f810808005f530808024f430808082f410808042f450808052f510808072f010808054f460808004f402808004f472808004f411808004f434808025f5308080330850808042f820808005f291808036f920808014f320808072f420808056f510808042f620808082f010808024f620808014f9208080ffffff0000ff
STATE: 9000
HDR: 00b0010077
ACK: b0
DATA: ffff0000ffffff0000ffffff0000ffffff0000ffffff0000ffffff0000ffffff0000ffffff0000ffffff0000ffffff0000ffffff0000ffffff0000ffffff0000ffffff0000ffffff0000ffffff0000ffffff0000ffffff0000ffffff0000ffffff0000ffffff0000ffffff0000ffffff0000ffffff0000
STATE: 9000
HDR: 00a4000402
ACK: a4
DATA: 6f61
STATE: 6127
HDR: 00c0000027
ACK: c0
DATA: 62258202412183026f61a50cc0010091047f206f61de01008a01058b036f060c80020177880188
STATE: 9000
HDR: 00b0000000
ACK: b0
DATA: 02f801808012f410808062f220808032f451808022f810808002f250808032f210808022f6108080130014808002f610808002f440808012f901808062f010808006f220808062f810808082f620808064f000808092f304808032f030808012f607808072f210808042f080808072f620808052f010808072f810808015f010808032f810808005f530808024f430808082f410808042f450808052f510808072f010808054f460808004f402808004f472808004f411808004f434808025f5308080330850808042f820808005f291808036f920808014f320808072f420808056f510808042f620808082f010808024f620808014f9208080ffffff0000ff
STATE: 9000
HDR: 00b0010077
ACK: b0
DATA: ffff0000ffffff0000ffffff0000ffffff0000ffffff0000ffffff0000ffffff0000ffffff0000ffffff0000ffffff0000ffffff0000ffffff0000ffffff0000ffffff0000ffffff0000ffffff0000ffffff0000ffffff0000ffffff0000ffffff0000ffffff0000ffffff0000ffffff0000ffffff0000
STATE: 9000
HDR: 00a4000402
ACK: a4
DATA: 6f7e
STATE: 6127
HDR: 00c0000027
ACK: c0
DATA: 62258202412183026f7ea50cc0018091047f206f7ede01008a01058b036f06088002000b880158
STATE: 9000
HDR: 00b000000b
ACK: b0
DATA: ffffffff22f201fffe0003
STATE: 9000
HDR: 00a4000402
ACK: a4
DATA: 6f73
STATE: 6127
HDR: 00c0000027
ACK: c0
DATA: 62258202412183026f73a50cc0018091047f206f53de01008a01058b036f06088002000e880160
STATE: 9000
HDR: 00b000000e
ACK: b0
DATA: ffffffffffffff22f201fffeff01
STATE: 9000
HDR: 00a4000402
ACK: a4
DATA: 6f08
STATE: 6121
HDR: 00c0000021
ACK: c0
DATA: 621f8202412183026f08a506c00180de01008a01058b036f060880020021880140
STATE: 9000
HDR: 00b0000021
ACK: b0
DATA: 07ffffffffffffffffffffffffffffffffffffffffffffffffffffffffffffffff
STATE: 9000
HDR: 00a4000402
ACK: a4
DATA: 6f09
STATE: 6121
HDR: 00c0000021
ACK: c0
DATA: 621f8202412183026f09a506c00180de01008a01058b036f060880020021880148
STATE: 9000
HDR: 00b0000021
ACK: b0
DATA: 07ffffffffffffffffffffffffffffffffffffffffffffffffffffffffffffffff
STATE: 9000
HDR: 00a4000402
ACK: a4
DATA: 6f7b
STATE: 6127
HDR: 00c0000027
ACK: c0
DATA: 62258202412183026f7ba50cc0010091047f206f7bde01008a01058b036f060a8002000c880168
STATE: 9000
HDR: 00b000000c
ACK: b0
DATA: ffffffffffffffffffffffff
STATE: 9000
HDR: 00a4000402
ACK: a4
DATA: 6f5b
STATE: 6121
HDR: 00c0000021
ACK: c0
DATA: 621f8202412183026f5ba506c00180de01008a01058b036f060880020006880178
STATE: 9000
HDR: 00b0000006
ACK: b0
DATA: 000000000000
STATE: 9000
HDR: 00a4000402
ACK: a4
DATA: 6f5c
STATE: 6121
HDR: 00c0000021
ACK: c0
DATA: 621f8202412183026f5ca506c00100de01008a01058b036f060e80020003880180
STATE: 9000
HDR: 00b0000003
ACK: b0
DATA: ffffff
STATE: 9000
HDR: 00a4080406
ACK: a4
DATA: 7fff5f3b4f20
STATE: 6127
HDR: 00c0000027
ACK: c0
DATA: 62258202412183024f20a50cc0018091047f206f20de01008a01058b036f060880020009880108
STATE: 9000
HDR: 00b0000009
ACK: b0
DATA: ffffffffffffffff07
STATE: 9000
HDR: 00a4000402
ACK: a4
DATA: 4f52
STATE: 6127
HDR: 00c0000027
ACK: c0
DATA: 62258202412183024f52a50cc0018091047f206f52de01008a01058b036f060880020009880110
STATE: 9000
HDR: 00b0000009
ACK: b0
DATA: ffffffffffffffff07
STATE: 9000
HDR: 80f20101ff
STATE: 6c12
HDR: 80f2010112
ACK: f2
DATA: 8410a0000000871002ff33ffff8906030100
STATE: 9000
HDR: 00a4080404
ACK: a4
DATA: 7fff6f45
STATE: 6126
HDR: 00c0000026
ACK: c0
DATA: 62248202412183026f45a50cc0010091047f206f45de01008a01058b036f06048002001e8800
STATE: 9000
HDR: 00a4000c02
ACK: a4
DATA: 6f06
STATE: 9000
HDR: 00b204043c
ACK: b2
DATA: 800103a406830101950108800150a40683010a9501088401d4a40683010a950108ffffffffffffffffffffffffffffffffffffffffffffffffffffff
STATE: 9000
HDR: 00a4000c02
ACK: a4
DATA: 6f45
STATE: 9000
HDR: 00b000001e
ACK: b0
DATA: ffffffffffffffffffffffffffffffffffffffffffffffffffffffffffff
STATE: 9000
HDR: 00a4080408
ACK: a4
DATA: 7fff7f665f304f36
STATE: 6a82
HDR: 00a4000c02
ACK: a4
DATA: 3f00
STATE: 9000
HDR: 00a4080408
ACK: a4
DATA: 7fff7f665f304f36
STATE: 6a82
HDR: 00a4000c02
ACK: a4
DATA: 3f00
STATE: 9000
HDR: 00a4080404
ACK: a4
DATA: 7fff6f50
STATE: 6126
HDR: 00c0000026
ACK: c0
DATA: 62248202412183026f50a50cc0010091047f206f50de01008a01058b036f0604800200148800
STATE: 9000
HDR: 00a4000402
ACK: a4
DATA: 6f16
STATE: 6a82
HDR: 00a4000c02
ACK: a4
DATA: 3f00
STATE: 9000
HDR: 00a4080404
ACK: a4
DATA: 7fff6f16
STATE: 6a82
HDR: 00a4000c02
ACK: a4
DATA: 3f00
STATE: 9000
HDR: 00a4080c04
ACK: a4
DATA: 7fff6f50
STATE: 9000
HDR: 00b0000014
ACK: b0
DATA: 1112112bffffffffffffffffffffffffffffffff
STATE: 9000
HDR: 00a4080404
ACK: a4
DATA: 7f206f16
STATE: 6a82
HDR: 00a4000c02
ACK: a4
DATA: 3f00
STATE: 9000
HDR: 00a4080404
ACK: a4
DATA: 7f206f16
STATE: 6a82
HDR: 00a4000c02
ACK: a4
DATA: 3f00
STATE: 9000
HDR: 00a4080404
ACK: a4
DATA: 7fff6f3c
STATE: 6129
HDR: 00c0000029
ACK: c0
DATA: 62278205422100b01483026f3ca50cc0010091047f106f3cde01008a01058b036f060d80020dc08800
STATE: 9000
HDR: 00a4000c02
ACK: a4
DATA: 6f06
STATE: 9000
HDR: 00b20d043c
ACK: b2
DATA: 800103a406830101950108800150a40683010a9501088401d4a40683010a950108ffffffffffffffffffffffffffffffffffffffffffffffffffffff
STATE: 9000
HDR: 00a4000c02
ACK: a4
DATA: 6f3c
STATE: 9000
HDR: 00b20104b0
ACK: b2
DATA: 00ffffffffffffffffffffffffffffffffffffffffffffffffffffffffffffffffffffffffffffffffffffffffffffffffffffffffffffffffffffffffffffffffffffffffffffffffffffffffffffffffffffffffffffffffffffffffffffffffffffffffffffffffffffffffffffffffffffffffffffffffffffffffffffffffffffffffffffffffffffffffffffffffffffffffffffffffffffffffffffffffffffffffffffffffffffffffffffff
STATE: 9000
HDR: 00b20204b0
ACK: b2
DATA: 00ffffffffffffffffffffffffffffffffffffffffffffffffffffffffffffffffffffffffffffffffffffffffffffffffffffffffffffffffffffffffffffffffffffffffffffffffffffffffffffffffffffffffffffffffffffffffffffffffffffffffffffffffffffffffffffffffffffffffffffffffffffffffffffffffffffffffffffffffffffffffffffffffffffffffffffffffffffffffffffffffffffffffffffffffffffffffffffff
STATE: 9000
HDR: 00b20304b0
ACK: b2
DATA: 00ffffffffffffffffffffffffffffffffffffffffffffffffffffffffffffffffffffffffffffffffffffffffffffffffffffffffffffffffffffffffffffffffffffffffffffffffffffffffffffffffffffffffffffffffffffffffffffffffffffffffffffffffffffffffffffffffffffffffffffffffffffffffffffffffffffffffffffffffffffffffffffffffffffffffffffffffffffffffffffffffffffffffffffffffffffffffffffff
STATE: 9000
HDR: 00b20404b0
ACK: b2
DATA: 00ffffffffffffffffffffffffffffffffffffffffffffffffffffffffffffffffffffffffffffffffffffffffffffffffffffffffffffffffffffffffffffffffffffffffffffffffffffffffffffffffffffffffffffffffffffffffffffffffffffffffffffffffffffffffffffffffffffffffffffffffffffffffffffffffffffffffffffffffffffffffffffffffffffffffffffffffffffffffffffffffffffffffffffffffffffffffffffff
STATE: 9000
HDR: 00b20504b0
ACK: b2
DATA: 00ffffffffffffffffffffffffffffffffffffffffffffffffffffffffffffffffffffffffffffffffffffffffffffffffffffffffffffffffffffffffffffffffffffffffffffffffffffffffffffffffffffffffffffffffffffffffffffffffffffffffffffffffffffffffffffffffffffffffffffffffffffffffffffffffffffffffffffffffffffffffffffffffffffffffffffffffffffffffffffffffffffffffffffffffffffffffffffff
STATE: 9000
HDR: 00b20604b0
ACK: b2
DATA: 00ffffffffffffffffffffffffffffffffffffffffffffffffffffffffffffffffffffffffffffffffffffffffffffffffffffffffffffffffffffffffffffffffffffffffffffffffffffffffffffffffffffffffffffffffffffffffffffffffffffffffffffffffffffffffffffffffffffffffffffffffffffffffffffffffffffffffffffffffffffffffffffffffffffffffffffffffffffffffffffffffffffffffffffffffffffffffffffff
STATE: 9000
HDR: 00b20704b0
ACK: b2
DATA: 00ffffffffffffffffffffffffffffffffffffffffffffffffffffffffffffffffffffffffffffffffffffffffffffffffffffffffffffffffffffffffffffffffffffffffffffffffffffffffffffffffffffffffffffffffffffffffffffffffffffffffffffffffffffffffffffffffffffffffffffffffffffffffffffffffffffffffffffffffffffffffffffffffffffffffffffffffffffffffffffffffffffffffffffffffffffffffffffff
STATE: 9000
HDR: 00b20804b0
ACK: b2
DATA: 00ffffffffffffffffffffffffffffffffffffffffffffffffffffffffffffffffffffffffffffffffffffffffffffffffffffffffffffffffffffffffffffffffffffffffffffffffffffffffffffffffffffffffffffffffffffffffffffffffffffffffffffffffffffffffffffffffffffffffffffffffffffffffffffffffffffffffffffffffffffffffffffffffffffffffffffffffffffffffffffffffffffffffffffffffffffffffffffff
STATE: 9000
HDR: 00b20904b0
ACK: b2
DATA: 00ffffffffffffffffffffffffffffffffffffffffffffffffffffffffffffffffffffffffffffffffffffffffffffffffffffffffffffffffffffffffffffffffffffffffffffffffffffffffffffffffffffffffffffffffffffffffffffffffffffffffffffffffffffffffffffffffffffffffffffffffffffffffffffffffffffffffffffffffffffffffffffffffffffffffffffffffffffffffffffffffffffffffffffffffffffffffffffff
STATE: 9000
HDR: 00b20a04b0
ACK: b2
DATA: 00ffffffffffffffffffffffffffffffffffffffffffffffffffffffffffffffffffffffffffffffffffffffffffffffffffffffffffffffffffffffffffffffffffffffffffffffffffffffffffffffffffffffffffffffffffffffffffffffffffffffffffffffffffffffffffffffffffffffffffffffffffffffffffffffffffffffffffffffffffffffffffffffffffffffffffffffffffffffffffffffffffffffffffffffffffffffffffffff
STATE: 9000
HDR: 00b20b04b0
ACK: b2
DATA: 00ffffffffffffffffffffffffffffffffffffffffffffffffffffffffffffffffffffffffffffffffffffffffffffffffffffffffffffffffffffffffffffffffffffffffffffffffffffffffffffffffffffffffffffffffffffffffffffffffffffffffffffffffffffffffffffffffffffffffffffffffffffffffffffffffffffffffffffffffffffffffffffffffffffffffffffffffffffffffffffffffffffffffffffffffffffffffffffff
STATE: 9000
HDR: 00b20c04b0
ACK: b2
DATA: 00ffffffffffffffffffffffffffffffffffffffffffffffffffffffffffffffffffffffffffffffffffffffffffffffffffffffffffffffffffffffffffffffffffffffffffffffffffffffffffffffffffffffffffffffffffffffffffffffffffffffffffffffffffffffffffffffffffffffffffffffffffffffffffffffffffffffffffffffffffffffffffffffffffffffffffffffffffffffffffffffffffffffffffffffffffffffffffffff
STATE: 9000
HDR: 00b20d04b0
ACK: b2
DATA: 00ffffffffffffffffffffffffffffffffffffffffffffffffffffffffffffffffffffffffffffffffffffffffffffffffffffffffffffffffffffffffffffffffffffffffffffffffffffffffffffffffffffffffffffffffffffffffffffffffffffffffffffffffffffffffffffffffffffffffffffffffffffffffffffffffffffffffffffffffffffffffffffffffffffffffffffffffffffffffffffffffffffffffffffffffffffffffffffff
STATE: 9000
HDR: 00b20e04b0
ACK: b2
DATA: 00ffffffffffffffffffffffffffffffffffffffffffffffffffffffffffffffffffffffffffffffffffffffffffffffffffffffffffffffffffffffffffffffffffffffffffffffffffffffffffffffffffffffffffffffffffffffffffffffffffffffffffffffffffffffffffffffffffffffffffffffffffffffffffffffffffffffffffffffffffffffffffffffffffffffffffffffffffffffffffffffffffffffffffffffffffffffffffffff
STATE: 9000
HDR: 00b20f04b0
ACK: b2
DATA: 00ffffffffffffffffffffffffffffffffffffffffffffffffffffffffffffffffffffffffffffffffffffffffffffffffffffffffffffffffffffffffffffffffffffffffffffffffffffffffffffffffffffffffffffffffffffffffffffffffffffffffffffffffffffffffffffffffffffffffffffffffffffffffffffffffffffffffffffffffffffffffffffffffffffffffffffffffffffffffffffffffffffffffffffffffffffffffffffff
STATE: 9000
HDR: 00b21004b0
ACK: b2
DATA: 00ffffffffffffffffffffffffffffffffffffffffffffffffffffffffffffffffffffffffffffffffffffffffffffffffffffffffffffffffffffffffffffffffffffffffffffffffffffffffffffffffffffffffffffffffffffffffffffffffffffffffffffffffffffffffffffffffffffffffffffffffffffffffffffffffffffffffffffffffffffffffffffffffffffffffffffffffffffffffffffffffffffffffffffffffffffffffffffff
STATE: 9000
HDR: 00b21104b0
ACK: b2
DATA: 00ffffffffffffffffffffffffffffffffffffffffffffffffffffffffffffffffffffffffffffffffffffffffffffffffffffffffffffffffffffffffffffffffffffffffffffffffffffffffffffffffffffffffffffffffffffffffffffffffffffffffffffffffffffffffffffffffffffffffffffffffffffffffffffffffffffffffffffffffffffffffffffffffffffffffffffffffffffffffffffffffffffffffffffffffffffffffffffff
STATE: 9000
HDR: 00b21204b0
ACK: b2
DATA: 00ffffffffffffffffffffffffffffffffffffffffffffffffffffffffffffffffffffffffffffffffffffffffffffffffffffffffffffffffffffffffffffffffffffffffffffffffffffffffffffffffffffffffffffffffffffffffffffffffffffffffffffffffffffffffffffffffffffffffffffffffffffffffffffffffffffffffffffffffffffffffffffffffffffffffffffffffffffffffffffffffffffffffffffffffffffffffffffff
STATE: 9000
HDR: 00b21304b0
ACK: b2
DATA: 00ffffffffffffffffffffffffffffffffffffffffffffffffffffffffffffffffffffffffffffffffffffffffffffffffffffffffffffffffffffffffffffffffffffffffffffffffffffffffffffffffffffffffffffffffffffffffffffffffffffffffffffffffffffffffffffffffffffffffffffffffffffffffffffffffffffffffffffffffffffffffffffffffffffffffffffffffffffffffffffffffffffffffffffffffffffffffffffff
STATE: 9000
HDR: 00b21404b0
ACK: b2
DATA: 00ffffffffffffffffffffffffffffffffffffffffffffffffffffffffffffffffffffffffffffffffffffffffffffffffffffffffffffffffffffffffffffffffffffffffffffffffffffffffffffffffffffffffffffffffffffffffffffffffffffffffffffffffffffffffffffffffffffffffffffffffffffffffffffffffffffffffffffffffffffffffffffffffffffffffffffffffffffffffffffffffffffffffffffffffffffffffffffff
STATE: 9000
HDR: 00a4000402
ACK: a4
DATA: 6f42
STATE: 6129
HDR: 00c0000029
ACK: c0
DATA: 622782054221002e0383026f42a50cc0010091047f106f42de01008a01058b036f060d8002008a8800
STATE: 9000
HDR: 00b201042e
ACK: b2
DATA: fffffffffffffffffffffffffffffffffffffdffffffffffffffffffffffff0791934329002000ffffffffffffff
STATE: 9000
HDR: 00b202042e
ACK: b2
DATA: ffffffffffffffffffffffffffffffffffffffffffffffffffffffffffffffffffffffffffffffffffffffffffff
STATE: 9000
HDR: 00b203042e
ACK: b2
DATA: ffffffffffffffffffffffffffffffffffffffffffffffffffffffffffffffffffffffffffffffffffffffffffff
STATE: 9000
HDR: 00a4000402
ACK: a4
DATA: 6f47
STATE: 6129
HDR: 00c0000029
ACK: c0
DATA: 622782054221001e1483026f47a50cc0010091047f106f47de01008a01058b036f060d800202588800
STATE: 9000
HDR: 00b201041e
ACK: b2
DATA: 00ffffffffffffffffffffffffffffffffffffffffffffffffffffffffff
STATE: 9000
HDR: 00b202041e
ACK: b2
DATA: 00ffffffffffffffffffffffffffffffffffffffffffffffffffffffffff
STATE: 9000
HDR: 00b203041e
ACK: b2
DATA: 00ffffffffffffffffffffffffffffffffffffffffffffffffffffffffff
STATE: 9000
HDR: 00b204041e
ACK: b2
DATA: 00ffffffffffffffffffffffffffffffffffffffffffffffffffffffffff
STATE: 9000
HDR: 00b205041e
ACK: b2
DATA: 00ffffffffffffffffffffffffffffffffffffffffffffffffffffffffff
STATE: 9000
HDR: 00b206041e
ACK: b2
DATA: 00ffffffffffffffffffffffffffffffffffffffffffffffffffffffffff
STATE: 9000
HDR: 00b207041e
ACK: b2
DATA: 00ffffffffffffffffffffffffffffffffffffffffffffffffffffffffff
STATE: 9000
HDR: 00b208041e
ACK: b2
DATA: 00ffffffffffffffffffffffffffffffffffffffffffffffffffffffffff
STATE: 9000
HDR: 00b209041e
ACK: b2
DATA: 00ffffffffffffffffffffffffffffffffffffffffffffffffffffffffff
STATE: 9000
HDR: 00b20a041e
ACK: b2
DATA: 00ffffffffffffffffffffffffffffffffffffffffffffffffffffffffff
STATE: 9000
HDR: 00b20b041e
ACK: b2
DATA: 00ffffffffffffffffffffffffffffffffffffffffffffffffffffffffff
STATE: 9000
HDR: 00b20c041e
ACK: b2
DATA: 00ffffffffffffffffffffffffffffffffffffffffffffffffffffffffff
STATE: 9000
HDR: 00b20d041e
ACK: b2
DATA: 00ffffffffffffffffffffffffffffffffffffffffffffffffffffffffff
STATE: 9000
HDR: 00b20e041e
ACK: b2
DATA: 00ffffffffffffffffffffffffffffffffffffffffffffffffffffffffff
STATE: 9000
HDR: 00b20f041e
ACK: b2
DATA: 00ffffffffffffffffffffffffffffffffffffffffffffffffffffffffff
STATE: 9000
HDR: 00b210041e
ACK: b2
DATA: 00ffffffffffffffffffffffffffffffffffffffffffffffffffffffffff
STATE: 9000
HDR: 00b211041e
ACK: b2
DATA: 00ffffffffffffffffffffffffffffffffffffffffffffffffffffffffff
STATE: 9000
HDR: 00b212041e
ACK: b2
DATA: 00ffffffffffffffffffffffffffffffffffffffffffffffffffffffffff
STATE: 9000
HDR: 00b213041e
ACK: b2
DATA: 00ffffffffffffffffffffffffffffffffffffffffffffffffffffffffff
STATE: 9000
HDR: 00b214041e
ACK: b2
DATA: 00ffffffffffffffffffffffffffffffffffffffffffffffffffffffffff
STATE: 9000
HDR: 00a4000402
ACK: a4
DATA: 6f43
STATE: 6126
HDR: 00c0000026
ACK: c0
DATA: 62248202412183026f43a50cc0010091047f106f43de01008a01058b036f060d800200028800
STATE: 9000
HDR: 00b0000002
ACK: b0
DATA: ffff
STATE: 9000
HDR: 00a4080406
ACK: a4
DATA: 7f105f3a4f3a
STATE: 612a
HDR: 00c000002a
ACK: c0
DATA: 6228820542210020fa83024f3aa50cc0010091047f106f3ade01008a01058b036f060380021f40880110
STATE: 9000
HDR: 00a4000c02
ACK: a4
DATA: 7f10
STATE: 9000
HDR: 00a4000c02
ACK: a4
DATA: 6f06
STATE: 9000
HDR: 00b203043c
ACK: b2
DATA: 800103a406830101950108800150a40683010a9501088401d4a40683010a950108ffffffffffffffffffffffffffffffffffffffffffffffffffffff
STATE: 9000
HDR: 00a4080c04
ACK: a4
DATA: 7fff6f42
STATE: 9000
HDR: 00b201042e
ACK: b2
DATA: fffffffffffffffffffffffffffffffffffffdffffffffffffffffffffffff0791934329002000ffffffffffffff
STATE: 9000
HDR: 00a4000402
ACK: a4
DATA: 6f3b
STATE: 6129
HDR: 00c0000029
ACK: c0
DATA: 62278205422100202883026f3ba50cc0010091047f106f3bde01008a01058b036f0609800205008800
STATE: 9000
HDR: 00a4000c02
ACK: a4
DATA: 6f06
STATE: 9000
HDR: 00b209043c
ACK: b2
DATA: 800101a406830101950108800102a010a406830181950108a40683010a950108800150a40683010a9501088401d4a40683010a950108ffffffffffff
STATE: 9000
HDR: 00a4000402
ACK: a4
DATA: 6f49
STATE: 6129
HDR: 00c0000029
ACK: c0
DATA: 62278205422100200a83026f49a50cc0010091047f106f49de01008a01058b036f060b800201408800
STATE: 9000
HDR: 00a4000c02
ACK: a4
DATA: 6f06
STATE: 9000
HDR: 00b20b043c
ACK: b2
DATA: 800101a406830101950108800152a40683010a9501088401d4a40683010a950108ffffffffffffffffffffffffffffffffffffffffffffffffffffff
STATE: 9000
HDR: 00a4000402
ACK: a4
DATA: 6f40
STATE: 6123
HDR: 00c0000023
ACK: c0
DATA: 62218205422100180383026f40a506c00100de01008a01058b036f060d800200488800
STATE: 9000
HDR: 00a4000402
ACK: a4
DATA: 6f17
STATE: 6a82
HDR: 00a4000c02
ACK: a4
DATA: 3f00
STATE: 9000
HDR: 00a4080404
ACK: a4
DATA: 7fff6f17
STATE: 6a82
HDR: 00a4000c02
ACK: a4
DATA: 3f00
STATE: 9000
HDR: 00a4080406
ACK: a4
DATA: 7f105f3a4f4a
STATE: 612a
HDR: 00c000002a
ACK: c0
DATA: 622882054221000d1483024f4aa50cc0010091047f106f4ade01008a01058b036f060380020104880118
STATE: 9000
HDR: 00a4080404
ACK: a4
DATA: 7fff6f4b
STATE: 6129
HDR: 00c0000029
ACK: c0
DATA: 622782054221000d0383026f4ba50cc0010091047f106f4bde01008a01058b036f0609800200278800
STATE: 9000
HDR: 00a4000402
ACK: a4
DATA: 6f4e
STATE: 6123
HDR: 00c0000023
ACK: c0
DATA: 622182054221000d0183026f4ea506c00100de01008a01058b036f06048002000d8800
STATE: 9000
HDR: 00a4080406
ACK: a4
DATA: 7f105f3a4f22
STATE: 6121
HDR: 00c0000021
ACK: c0
DATA: 621f8202412183024f22a506c00100de01008a01058b036f060880020004880158
STATE: 9000
HDR: 00a4000c02
ACK: a4
DATA: 7f10
STATE: 9000
HDR: 00a4000c02
ACK: a4
DATA: 6f06
STATE: 9000
HDR: 00b208043c
ACK: b2
DATA: 800103a406830101950108800150a40683010a950108ffffffffffffffffffffffffffffffffffffffffffffffffffffffffffffffffffffffffffff
STATE: 9000
HDR: 00a4000c02
ACK: a4
DATA: 7f10
STATE: 9000
HDR: 00a4000c02
ACK: a4
DATA: 5f3a
STATE: 9000
HDR: 00a4000402
ACK: a4
DATA: 4f24
STATE: 6121
HDR: 00c0000021
ACK: c0
DATA: 621f8202412183024f24a506c00180de01008a01058b036f060880020002880168
STATE: 9000
HDR: 00a4000402
ACK: a4
DATA: 4f23
STATE: 6121
HDR: 00c0000021
ACK: c0
DATA: 621f8202412183024f23a506c00180de01008a01058b036f060880020002880160
STATE: 9000
HDR: 00a4000402
ACK: a4
DATA: 4f16
STATE: 6124
HDR: 00c0000024
ACK: c0
DATA: 62228205422100143283024f16a506c00100de01008a01058b036f0603800203e8880148
STATE: 9000
HDR: 00a4000402
ACK: a4
DATA: 4f12
STATE: 6124
HDR: 00c0000024
ACK: c0
DATA: 6222820542210005fa83024f12a506c00100de01008a01058b036f0603800204e2880128
STATE: 9000
HDR: 00a4000402
ACK: a4
DATA: 4f15
STATE: 6124
HDR: 00c0000024
ACK: c0
DATA: 6222820542210011fa83024f15a506c00100de01008a01058b036f06038002109a880140
STATE: 9000
HDR: 00a4000402
ACK: a4
DATA: 4f10
STATE: 6124
HDR: 00c0000024
ACK: c0
DATA: 6222820542210003fa83024f10a506c00100de01008a01058b036f0603800202ee880108
STATE: 9000
HDR: 00a4000402
ACK: a4
DATA: 4f17
STATE: 6124
HDR: 00c0000024
ACK: c0
DATA: 6222820542210002fa83024f17a506c00100de01008a01058b036f0603800201f4880150
STATE: 9000
HDR: 00a4000402
ACK: a4
DATA: 4f11
STATE: 6124
HDR: 00c0000024
ACK: c0
DATA: 6222820542210002fa83024f11a506c00100de01008a01058b036f0603800201f4880120
STATE: 9000
HDR: 00a4000402
ACK: a4
DATA: 4f3b
STATE: 6124
HDR: 00c0000024
ACK: c0
DATA: 6222820542210020fa83024f3ba506c00100de01008a01058b036f060380021f40880188
STATE: 9000
HDR: 00a4000402
ACK: a4
DATA: 4f16
STATE: 6124
HDR: 00c0000024
ACK: c0
DATA: 62228205422100143283024f16a506c00100de01008a01058b036f0603800203e8880148
STATE: 9000
HDR: 00a4000402
ACK: a4
DATA: 4f28
STATE: 6124
HDR: 00c0000024
ACK: c0
DATA: 6222820542210005fa83024f28a506c00100de01008a01058b036f0604800204e28801a0
STATE: 9000
HDR: 00a4000402
ACK: a4
DATA: 4f15
STATE: 6124
HDR: 00c0000024
ACK: c0
DATA: 6222820542210011fa83024f15a506c00100de01008a01058b036f06038002109a880140
STATE: 9000
HDR: 00a4000402
ACK: a4
DATA: 4f18
STATE: 6124
HDR: 00c0000024
ACK: c0
DATA: 6222820542210003fa83024f18a506c00100de01008a01058b036f0603800202ee880190
STATE: 9000
HDR: 00a4000402
ACK: a4
DATA: 4f31
STATE: 6124
HDR: 00c0000024
ACK: c0
DATA: 6222820542210002fa83024f31a506c00100de01008a01058b036f0604800201f48801a8
STATE: 9000
HDR: 00a4000402
ACK: a4
DATA: 4f25
STATE: 6124
HDR: 00c0000024
ACK: c0
DATA: 6222820542210002fa83024f25a506c00100de01008a01058b036f0604800201f4880180
STATE: 9000
HDR: 00a4080c04
ACK: a4
DATA: 7fff6f3b
STATE: 9000
HDR: 00a2010420
ACK: a2
DATA: ffffffffffffffffffffffffffffffffffffffffffffffffffffffffffffffff
STATE: 6128
HDR: 00c0000028
ACK: c0
DATA: 0102030405060708090a0b0c0d0e0f101112131415161718191a1b1c1d1e1f202122232425262728
STATE: 9000
HDR: 00b2010420
ACK: b2
DATA: ffffffffffffffffffffffffffffffffffffffffffffffffffffffffffffffff
STATE: 9000
HDR: 00a4000c02
ACK: a4
DATA: 6f49
STATE: 9000
HDR: 00a2010420
ACK: a2
DATA: ffffffffffffffffffffffffffffffffffffffffffffffffffffffffffffffff
STATE: 610a
HDR: 00c000000a
ACK: c0
DATA: 0102030405060708090a
STATE: 9000
HDR: 00b2010420
ACK: b2
DATA: ffffffffffffffffffffffffffffffffffffffffffffffffffffffffffffffff
STATE: 9000
HDR: 00a4000c02
ACK: a4
DATA: 6f40
STATE: 9000
HDR: 00a2010418
ACK: a2
DATA: ffffffffffffffffffffffffffffffffffffffffffffffff
STATE: 6103
HDR: 00c0000003
ACK: c0
DATA: 010203
STATE: 9000
HDR: 00b2010418
ACK: b2
DATA: ffffffffffffffffffffffffffffffffffffffffffffffff
STATE: 9000
HDR: 00a4080c06
ACK: a4
DATA: 7f105f3a4f22
STATE: 9000
HDR: 00b0000004
ACK: b0
DATA: 00000000
STATE: 9000
HDR: 00a4000c02
ACK: a4
DATA: 4f24
STATE: 9000
HDR: 00b0000002
ACK: b0
DATA: 0000
STATE: 9000
HDR: 00a4000c02
ACK: a4
DATA: 4f23
STATE: 9000
HDR: 00b0000002
ACK: b0
DATA: 0001
STATE: 9000
HDR: 00a4000c02
ACK: a4
DATA: 4f11
STATE: 9000
HDR: 00a2010402
ACK: a2
DATA: 0000
STATE: 61fa
HDR: 00c00000fa
ACK: c0
DATA: 0102030405060708090a0b0c0d0e0f101112131415161718191a1b1c1d1e1f202122232425262728292a2b2c2d2e2f303132333435363738393a3b3c3d3e3f404142434445464748494a4b4c4d4e4f505152535455565758595a5b5c5d5e5f606162636465666768696a6b6c6d6e6f707172737475767778797a7b7c7d7e7f808182838485868788898a8b8c8d8e8f909192939495969798999a9b9c9d9e9fa0a1a2a3a4a5a6a7a8a9aaabacadaeafb0b1b2b3b4b5b6b7b8b9babbbcbdbebfc0c1c2c3c4c5c6c7c8c9cacbcccdcecfd0d1d2d3d4d5d6d7d8d9dadbdcdddedfe0e1e2e3e4e5e6e7e8e9eaebecedeeeff0f1f2f3f4f5f6f7f8f9fa
STATE: 9000
HDR: 00a4000c02
ACK: a4
DATA: 4f25
STATE: 9000
HDR: 00a2010402
ACK: a2
DATA: 0000
STATE: 61fa
HDR: 00c00000fa
ACK: c0
DATA: 0102030405060708090a0b0c0d0e0f101112131415161718191a1b1c1d1e1f202122232425262728292a2b2c2d2e2f303132333435363738393a3b3c3d3e3f404142434445464748494a4b4c4d4e4f505152535455565758595a5b5c5d5e5f606162636465666768696a6b6c6d6e6f707172737475767778797a7b7c7d7e7f808182838485868788898a8b8c8d8e8f909192939495969798999a9b9c9d9e9fa0a1a2a3a4a5a6a7a8a9aaabacadaeafb0b1b2b3b4b5b6b7b8b9babbbcbdbebfc0c1c2c3c4c5c6c7c8c9cacbcccdcecfd0d1d2d3d4d5d6d7d8d9dadbdcdddedfe0e1e2e3e4e5e6e7e8e9eaebecedeeeff0f1f2f3f4f5f6f7f8f9fa
STATE: 9000
HDR: 00a4000c02
ACK: a4
DATA: 4f11
STATE: 9000
HDR: 00b2010402
ACK: b2
DATA: 0000
STATE: 9000
HDR: 00a4000c02
ACK: a4
DATA: 4f17
STATE: 9000
HDR: 00a2010402
ACK: a2
DATA: 0000
STATE: 61fa
HDR: 00c00000fa
ACK: c0
DATA: 0102030405060708090a0b0c0d0e0f101112131415161718191a1b1c1d1e1f202122232425262728292a2b2c2d2e2f303132333435363738393a3b3c3d3e3f404142434445464748494a4b4c4d4e4f505152535455565758595a5b5c5d5e5f606162636465666768696a6b6c6d6e6f707172737475767778797a7b7c7d7e7f808182838485868788898a8b8c8d8e8f909192939495969798999a9b9c9d9e9fa0a1a2a3a4a5a6a7a8a9aaabacadaeafb0b1b2b3b4b5b6b7b8b9babbbcbdbebfc0c1c2c3c4c5c6c7c8c9cacbcccdcecfd0d1d2d3d4d5d6d7d8d9dadbdcdddedfe0e1e2e3e4e5e6e7e8e9eaebecedeeeff0f1f2f3f4f5f6f7f8f9fa
STATE: 9000
HDR: 00a4000c02
ACK: a4
DATA: 4f31
STATE: 9000
HDR: 00a2010402
ACK: a2
DATA: 0000
STATE: 61fa
HDR: 00c00000fa
ACK: c0
DATA: 0102030405060708090a0b0c0d0e0f101112131415161718191a1b1c1d1e1f202122232425262728292a2b2c2d2e2f303132333435363738393a3b3c3d3e3f404142434445464748494a4b4c4d4e4f505152535455565758595a5b5c5d5e5f606162636465666768696a6b6c6d6e6f707172737475767778797a7b7c7d7e7f808182838485868788898a8b8c8d8e8f909192939495969798999a9b9c9d9e9fa0a1a2a3a4a5a6a7a8a9aaabacadaeafb0b1b2b3b4b5b6b7b8b9babbbcbdbebfc0c1c2c3c4c5c6c7c8c9cacbcccdcecfd0d1d2d3d4d5d6d7d8d9dadbdcdddedfe0e1e2e3e4e5e6e7e8e9eaebecedeeeff0f1f2f3f4f5f6f7f8f9fa
STATE: 9000
HDR: 00a4000c02
ACK: a4
DATA: 4f17
STATE: 9000
HDR: 00b2010402
ACK: b2
DATA: 0000
STATE: 9000
HDR: 00a4000c02
ACK: a4
DATA: 4f16
STATE: 9000
HDR: 00a2010414
ACK: a2
DATA: ffffffffffffffffffffffffffffffffffffffff
STATE: 6132
HDR: 00c0000032
ACK: c0
DATA: 0102030405060708090a0b0c0d0e0f101112131415161718191a1b1c1d1e1f202122232425262728292a2b2c2d2e2f303132
STATE: 9000
HDR: 00b2010414
ACK: b2
DATA: ffffffffffffffffffffffffffffffffffffffff
STATE: 9000
HDR: 00a4000c02
ACK: a4
DATA: 4f12
STATE: 9000
HDR: 00a2010405
ACK: a2
DATA: 0000000000
STATE: 61fa
HDR: 00c00000fa
ACK: c0
DATA: 0102030405060708090a0b0c0d0e0f101112131415161718191a1b1c1d1e1f202122232425262728292a2b2c2d2e2f303132333435363738393a3b3c3d3e3f404142434445464748494a4b4c4d4e4f505152535455565758595a5b5c5d5e5f606162636465666768696a6b6c6d6e6f707172737475767778797a7b7c7d7e7f808182838485868788898a8b8c8d8e8f909192939495969798999a9b9c9d9e9fa0a1a2a3a4a5a6a7a8a9aaabacadaeafb0b1b2b3b4b5b6b7b8b9babbbcbdbebfc0c1c2c3c4c5c6c7c8c9cacbcccdcecfd0d1d2d3d4d5d6d7d8d9dadbdcdddedfe0e1e2e3e4e5e6e7e8e9eaebecedeeeff0f1f2f3f4f5f6f7f8f9fa
STATE: 9000
HDR: 00b2010405
ACK: b2
DATA: 0000000000
STATE: 9000
HDR: 00a4000c02
ACK: a4
DATA: 4f15
STATE: 9000
HDR: 00a2010411
ACK: a2
DATA: ffffffffffffffffffffffffffffffffff
STATE: 61fa
HDR: 00c00000fa
ACK: c0
DATA: 0102030405060708090a0b0c0d0e0f101112131415161718191a1b1c1d1e1f202122232425262728292a2b2c2d2e2f303132333435363738393a3b3c3d3e3f404142434445464748494a4b4c4d4e4f505152535455565758595a5b5c5d5e5f606162636465666768696a6b6c6d6e6f707172737475767778797a7b7c7d7e7f808182838485868788898a8b8c8d8e8f909192939495969798999a9b9c9d9e9fa0a1a2a3a4a5a6a7a8a9aaabacadaeafb0b1b2b3b4b5b6b7b8b9babbbcbdbebfc0c1c2c3c4c5c6c7c8c9cacbcccdcecfd0d1d2d3d4d5d6d7d8d9dadbdcdddedfe0e1e2e3e4e5e6e7e8e9eaebecedeeeff0f1f2f3f4f5f6f7f8f9fa
STATE: 9000
HDR: 00b2010411
ACK: b2
DATA: ffffffffffffffffffffffffffffffffff
STATE: 9000
HDR: 00a4000c02
ACK: a4
DATA: 4f10
STATE: 9000
HDR: 00a2010403
ACK: a2
DATA: ffffff
STATE: 61fa
HDR: 00c00000fa
ACK: c0
DATA: 0102030405060708090a0b0c0d0e0f101112131415161718191a1b1c1d1e1f202122232425262728292a2b2c2d2e2f303132333435363738393a3b3c3d3e3f404142434445464748494a4b4c4d4e4f505152535455565758595a5b5c5d5e5f606162636465666768696a6b6c6d6e6f707172737475767778797a7b7c7d7e7f808182838485868788898a8b8c8d8e8f909192939495969798999a9b9c9d9e9fa0a1a2a3a4a5a6a7a8a9aaabacadaeafb0b1b2b3b4b5b6b7b8b9babbbcbdbebfc0c1c2c3c4c5c6c7c8c9cacbcccdcecfd0d1d2d3d4d5d6d7d8d9dadbdcdddedfe0e1e2e3e4e5e6e7e8e9eaebecedeeeff0f1f2f3f4f5f6f7f8f9fa
STATE: 9000
HDR: 00b2010403
ACK: b2
DATA: ffffff
STATE: 9000
HDR: 00a4000c02
ACK: a4
DATA: 4f16
STATE: 9000
HDR: 00a2010414
ACK: a2
DATA: ffffffffffffffffffffffffffffffffffffffff
STATE: 6132
HDR: 00c0000032
ACK: c0
DATA: 0102030405060708090a0b0c0d0e0f101112131415161718191a1b1c1d1e1f202122232425262728292a2b2c2d2e2f303132
STATE: 9000
HDR: 00b2010414
ACK: b2
DATA: ffffffffffffffffffffffffffffffffffffffff
STATE: 9000
HDR: 00a4000c02
ACK: a4
DATA: 4f28
STATE: 9000
HDR: 00a2010405
ACK: a2
DATA: 0000000000
STATE: 61fa
HDR: 00c00000fa
ACK: c0
DATA: 0102030405060708090a0b0c0d0e0f101112131415161718191a1b1c1d1e1f202122232425262728292a2b2c2d2e2f303132333435363738393a3b3c3d3e3f404142434445464748494a4b4c4d4e4f505152535455565758595a5b5c5d5e5f606162636465666768696a6b6c6d6e6f707172737475767778797a7b7c7d7e7f808182838485868788898a8b8c8d8e8f909192939495969798999a9b9c9d9e9fa0a1a2a3a4a5a6a7a8a9aaabacadaeafb0b1b2b3b4b5b6b7b8b9babbbcbdbebfc0c1c2c3c4c5c6c7c8c9cacbcccdcecfd0d1d2d3d4d5d6d7d8d9dadbdcdddedfe0e1e2e3e4e5e6e7e8e9eaebecedeeeff0f1f2f3f4f5f6f7f8f9fa
STATE: 9000
HDR: 00b2010405
ACK: b2
DATA: 0000000000
STATE: 9000
HDR: 00a4000c02
ACK: a4
DATA: 4f15
STATE: 9000
HDR: 00a2010411
ACK: a2
DATA: ffffffffffffffffffffffffffffffffff
STATE: 61fa
HDR: 00c00000fa
ACK: c0
DATA: 0102030405060708090a0b0c0d0e0f101112131415161718191a1b1c1d1e1f202122232425262728292a2b2c2d2e2f303132333435363738393a3b3c3d3e3f404142434445464748494a4b4c4d4e4f505152535455565758595a5b5c5d5e5f606162636465666768696a6b6c6d6e6f707172737475767778797a7b7c7d7e7f808182838485868788898a8b8c8d8e8f909192939495969798999a9b9c9d9e9fa0a1a2a3a4a5a6a7a8a9aaabacadaeafb0b1b2b3b4b5b6b7b8b9babbbcbdbebfc0c1c2c3c4c5c6c7c8c9cacbcccdcecfd0d1d2d3d4d5d6d7d8d9dadbdcdddedfe0e1e2e3e4e5e6e7e8e9eaebecedeeeff0f1f2f3f4f5f6f7f8f9fa
STATE: 9000
HDR: 00b2010411
ACK: b2
DATA: ffffffffffffffffffffffffffffffffff
STATE: 9000
HDR: 00a4000c02
ACK: a4
DATA: 4f18
STATE: 9000
HDR: 00a2010403
ACK: a2
DATA: ffffff
STATE: 61fa
HDR: 00c00000fa
ACK: c0
DATA: 0102030405060708090a0b0c0d0e0f101112131415161718191a1b1c1d1e1f202122232425262728292a2b2c2d2e2f303132333435363738393a3b3c3d3e3f404142434445464748494a4b4c4d4e4f505152535455565758595a5b5c5d5e5f606162636465666768696a6b6c6d6e6f707172737475767778797a7b7c7d7e7f808182838485868788898a8b8c8d8e8f909192939495969798999a9b9c9d9e9fa0a1a2a3a4a5a6a7a8a9aaabacadaeafb0b1b2b3b4b5b6b7b8b9babbbcbdbebfc0c1c2c3c4c5c6c7c8c9cacbcccdcecfd0d1d2d3d4d5d6d7d8d9dadbdcdddedfe0e1e2e3e4e5e6e7e8e9eaebecedeeeff0f1f2f3f4f5f6f7f8f9fa
STATE: 9000
HDR: 00b2010403
ACK: b2
DATA: ffffff
STATE: 9000
HDR: 00a4000c02
ACK: a4
DATA: 4f3a
STATE: 9000
HDR: 00a2010420
ACK: a2
DATA: ffffffffffffffffffffffffffffffffffffffffffffffffffffffffffffffff
STATE: 61eb
HDR: 00c00000eb
ACK: c0
DATA: 0102030405060708090a0b0c0d0e0f101112131415161718191a1b1c1d1e1f202122232425262728292a2b2c2d2e2f303132333435363738393a3b3c3d3e3f404142434445464748494a4b4c4d4e4f50516162636465666768696a6b6c6d6e6f707172737475767778797a7b7c7d7e7f808182838485868788898a8b8c8d8e8f909192939495969798999a9b9c9d9e9fa0a1a2a3a4a5a6a7a8a9aaabacadaeafb0b1b2b3b4b5b6b7b8b9babbbcbdbebfc0c1c2c3c4c5c6c7c8c9cacbcccdcecfd0d1d2d3d4d5d6d7d8d9dadbdcdddedfe0e1e2e3e4e5e6e7e8e9eaebecedeeeff0f1f2f3f4f5f6f7f8f9fa
STATE: 9000
HDR: 00a4000c02
ACK: a4
DATA: 4f3b
STATE: 9000
HDR: 00a2010420
ACK: a2
DATA: ffffffffffffffffffffffffffffffffffffffffffffffffffffffffffffffff
STATE: 61fa
HDR: 00c00000fa
ACK: c0
DATA: 0102030405060708090a0b0c0d0e0f101112131415161718191a1b1c1d1e1f202122232425262728292a2b2c2d2e2f303132333435363738393a3b3c3d3e3f404142434445464748494a4b4c4d4e4f505152535455565758595a5b5c5d5e5f606162636465666768696a6b6c6d6e6f707172737475767778797a7b7c7d7e7f808182838485868788898a8b8c8d8e8f909192939495969798999a9b9c9d9e9fa0a1a2a3a4a5a6a7a8a9aaabacadaeafb0b1b2b3b4b5b6b7b8b9babbbcbdbebfc0c1c2c3c4c5c6c7c8c9cacbcccdcecfd0d1d2d3d4d5d6d7d8d9dadbdcdddedfe0e1e2e3e4e5e6e7e8e9eaebecedeeeff0f1f2f3f4f5f6f7f8f9fa
STATE: 9000
HDR: 00a4000c02
ACK: a4
DATA: 4f3a
STATE: 9000
HDR: 00b2010420
ACK: b2
DATA: ffffffffffffffffffffffffffffffffffffffffffffffffffffffffffffffff
STATE: 9000
HDR: 00b2520420
ACK: b2
DATA: 536572762e436c692e45737465726fffffff0791934329001009ffffffffffff
STATE: 9000
HDR: 00b2530420
ACK: b2
DATA: 416767696f726e612053494dffffffffffff04812402f2ffffffffffffffffff
STATE: 9000
HDR: 00b2540420
ACK: b2
DATA: 50726f6d6f202620696e666f73696dffffff04812470f0ffffffffffffffffff
STATE: 9000
HDR: 00b2550420
ACK: b2
DATA: 566f6461666f6e6520383932303030ffffff0481980200ffffffffffffffffff
STATE: 9000
HDR: 00b2560420
ACK: b2
DATA: 4672656554696d65ffffffffffffffffffff04812477f4ffffffffffffffffff
STATE: 9000
HDR: 00b2570420
ACK: b2
DATA: 4c6f6768692653756f6e65726965ffffffff04812455f2ffffffffffffffffff
STATE: 9000
HDR: 00b2580420
ACK: b2
DATA: 4d756c74697061727479ffffffffffffffff038144f4ffffffffffffffffffff
STATE: 9000
HDR: 00b2590420
ACK: b2
DATA: 5269636172696361ffffffffffffffffffff04812410f0ffffffffffffffffff
STATE: 9000
HDR: 00b25a0420
ACK: b2
DATA: 536567722054656c65666f6e696361ffffff04812420f0ffffffffffffffffff
STATE: 9000
HDR: 00b25b0420
ACK: b2
DATA: 5365677265742e2045737465726fffffffff0791934329000202ffffffffffff
STATE: 9000
HDR: 00b25c0420
ACK: b2
DATA: 53657276697a692076696120534d53ffffff04812442f6ffffffffffffffffff
STATE: 9000
HDR: 00b25d0420
ACK: b2
DATA: 53657276697a696f436c69656e7469ffffff038191f0ffffffffffffffffffff
STATE: 9000
HDR: 00b25e0420
ACK: b2
DATA: 547261662e5265736964756f343034ffffff038104f4ffffffffffffffffffff
STATE: 9000
HDR: 00b25f0420
ACK: b2
DATA: 547261662e5265736964756f343134ffffff038114f4ffffffffffffffffffff
STATE: 9000
HDR: 00b2600420
ACK: b2
DATA: 566f6461666f6e65204f6e65ffffffffffff04812426f6ffffffffffffffffff
STATE: 9000
HDR: 00a4080c04
ACK: a4
DATA: 7fff6f3e
STATE: 9000
HDR: 00b0000001
ACK: b0
DATA: ff
STATE: 9000
HDR: 00a4000c02
ACK: a4
DATA: 6f3f
STATE: 9000
HDR: 00b0000001
ACK: b0
DATA: ff
STATE: 9000
HDR: 00a4000c02
ACK: a4
DATA: 6f3e
STATE: 9000
HDR: 00b0000001
ACK: b0
DATA: ff
STATE: 9000
HDR: 00a4000c02
ACK: a4
DATA: 6f3f
STATE: 9000
HDR: 00b0000001
ACK: b0
DATA: ff
STATE: 9000
HDR: 00a4000c02
ACK: a4
DATA: 6f3e
STATE: 9000
HDR: 00b0000001
ACK: b0
DATA: ff
STATE: 9000
HDR: 00a4000c02
ACK: a4
DATA: 6f3f
STATE: 9000
HDR: 00b0000001
ACK: b0
DATA: ff
STATE: 9000
HDR: 00a4000c02
ACK: a4
DATA: 6f3e
STATE: 9000
HDR: 00b0000001
ACK: b0
DATA: ff
STATE: 9000
HDR: 00a4000c02
ACK: a4
DATA: 6f3f
STATE: 9000
HDR: 00b0000001
ACK: b0
DATA: ff
STATE: 9000
HDR: 00a4000c02
ACK: a4
DATA: 6f3e
STATE: 9000
HDR: 00b0000001
ACK: b0
DATA: ff
STATE: 9000
HDR: 00a4000c02
ACK: a4
DATA: 6f3f
STATE: 9000
HDR: 00b0000001
ACK: b0
DATA: ff
STATE: 9000
HDR: 80f2000c00
STATE: 9000
HDR: 80f2000c00
STATE: 9000
