HDR: 00a4000402
ACK: a4
DATA: 2f00
STATE: 6121
HDR: 80f2000000
STATE: 6c2e
HDR: 80f200002e
ACK: f2
DATA: 622c8202782183023f00a50980017183040000548a8a01058b032f0602c609900140830101830181810400015441
STATE: 9000
HDR: 00a4080402
ACK: a4
DATA: 2f00
STATE: 6121
HDR: 00c0000021
ACK: c0
DATA: 621f8205422100160283022f00a5038001718a01058b032f06078002002c8801f0
STATE: 9000
HDR: 00a4080402
ACK: a4
DATA: 2f00
STATE: 6121
HDR: 00b2010416
ACK: b2
DATA: 61124f10a0000000871002ff49942089031000005000
STATE: 9000
HDR: 00a4040410
ACK: a4
DATA: a0000000871002ff4994208903100000
STATE: 6144
HDR: 80f2000044
ACK: f2
DATA: 6242820278218410a0000000871002ff4994208903100000a5118001718103010a3282010a83040000548a8a01058b032f0608c609900140830101830181810400000cfc
STATE: 9000
HDR: 0020000100
STATE: 63c3
HDR: 0020008100
STATE: 63c3
HDR: 00a4080404
ACK: a4
DATA: 7fff6f38
STATE: 611e
HDR: 00c000001e
ACK: c0
DATA: 621c8202412183026f38a5038001718a01058b036f06028002000c880120
STATE: 9000
HDR: 00a4080404
ACK: a4
DATA: 7fff6fad
STATE: 611e
HDR: 00c000001e
ACK: c0
DATA: 621c8202412183026fada5038001718a01058b036f061280020004880118
STATE: 9000
HDR: 00a4080404
ACK: a4
DATA: 7fff6f7e
STATE: 611e
HDR: 00b000000b
ACK: b0
DATA: 3542accd62f21044ca0000
STATE: 9000
HDR: 00a4080404
ACK: a4
DATA: 7fff6fb7
STATE: 6121
HDR: 00c0000021
ACK: c0
DATA: 621f8205422100100383026fb7a5038001718a01058b036f060780020030880108
STATE: 9000
HDR: 00a4080404
ACK: a4
DATA: 7fff6f38
STATE: 611e
HDR: 00b000000c
ACK: b0
DATA: 022a170c2336000000020000
STATE: 9000
HDR: 00a4080404
ACK: a4
DATA: 7fff6fad
STATE: 611e
HDR: 00b0000004
ACK: b0
DATA: 00ffff02
STATE: 9000
HDR: 00a4080404
ACK: a4
DATA: 7fff6f07
STATE: 611e
HDR: 00b0000009
ACK: b0
DATA: 082926100170459707
STATE: 9000
HDR: 00a4080404
ACK: a4
DATA: 7fff6fb7
STATE: 6121
HDR: 00b2010410
ACK: b2
DATA: ffffffffffffffffffffffffffffffff
STATE: 9000
HDR: 00a4080404
ACK: a4
DATA: 7fff6f60
STATE: 611e
HDR: 00c000001e
ACK: c0
DATA: 621c8202412183026f60a5038001718a01058b036f061580020028880150
STATE: 9000
HDR: 00a4080404
ACK: a4
DATA: 7fff6f61
STATE: 611e
HDR: 00c000001e
ACK: c0
DATA: 621c8202412183026f61a5038001718a01058b036f0616800200ff880188
STATE: 9000
HDR: 00a4080404
ACK: a4
DATA: 7fff6f78
STATE: 611e
HDR: 00b0000002
ACK: b0
DATA: 0001
STATE: 9000
HDR: 00a4080406
ACK: a4
DATA: 7fff5f3b4f20
STATE: 611e
HDR: 00b0000001
ACK: b0
DATA: 5b
STATE: 9000
HDR: 00a4080404
ACK: a4
DATA: 7fff6f05
STATE: 6a82
HDR: 00a4080404
ACK: a4
DATA: 7fff6f60
STATE: 611e
HDR: 00b0000028
ACK: b0
DATA: ffffff0000ffffff0000ffffff0000ffffff0000ffffff0000ffffff0000ffffff0000ffffff0000
STATE: 9000
HDR: 00a4080404
ACK: a4
DATA: 7fff6f61
STATE: 611e
HDR: 00b00000ff
ACK: b0
DATA: 32f230008012f470008022f210008002f810008002f461008022f810008082f610008032f4030080130062008062f020008032f802008032f010008012f603008012f910008042f010008002f210008072f010008022f630008052f010008024f420008042f419008032f120008082f450008092f410008092f720008072f610008072f230008092f314008044f0010080330420008052f510008054f080008024f520008005f510008072f812008006f410008024f030008042f710008082f010008042f610008005f221008012f830008042f810008015f010008064f679008072f410008027f270008015f520008073f010008024f7100080ffffffffff
STATE: 9000
HDR: 00a4080404
ACK: a4
DATA: 7fff6f07
STATE: 611e
HDR: 00b0000009
ACK: b0
DATA: 082926100170459707
STATE: 9000
HDR: 00a4080404
ACK: a4
DATA: 7fff6f7e
STATE: 611e
HDR: 00b0000407
ACK: b0
DATA: 62f21044ca0000
STATE: 9000
HDR: 00a4080406
ACK: a4
DATA: 7fff5f3b4f20
STATE: 611e
HDR: 00b0000008
ACK: b0
DATA: 5b052e1993f0e73c
STATE: 9000
HDR: 00a4080404
ACK: a4
DATA: 7fff6f7b
STATE: 611e
HDR: 00b000000c
ACK: b0
DATA: ffffffffffff62f23062f220
STATE: 9000
HDR: 00a4080404
ACK: a4
DATA: 7fff6f31
STATE: 611e
HDR: 00b0000001
ACK: b0
DATA: 05
STATE: 9000
HDR: 00a4080404
ACK: a4
DATA: 7fff6f38
STATE: 611e
HDR: 00c000001e
ACK: c0
DATA: 621c8202412183026f38a5038001718a01058b036f06028002000c880120
STATE: 9000
HDR: 8010000010
ACK: 10
DATA: ffffffff0002005f7f00001f23090906
STATE: 9000
HDR: 00b0000004
ACK: b0
DATA: 022a170c
STATE: 9000
HDR: 00a4080404
ACK: a4
DATA: 7fff6f46
STATE: 611d
HDR: 00b0000011
ACK: b0
DATA: 006a6121206d6f62696cffffffffffffff
STATE: 9000
HDR: 00a4080406
ACK: a4
DATA: 7fff5f3b4f52
STATE: 611e
HDR: 00b0000009
ACK: b0
DATA: 2dbe12acd24870fd01
STATE: 9000
HDR: 00a4080404
ACK: a4
DATA: 7fff6fad
STATE: 611e
HDR: 00c000001e
ACK: c0
DATA: 621c8202412183026fada5038001718a01058b036f061280020004880118
STATE: 9000
HDR: 00a4080404
ACK: a4
DATA: 7fff6f73
STATE: 611e
HDR: 00b000000e
ACK: b0
DATA: f6b00833fe231362f21044ca0100
STATE: 9000
HDR: 00a4080404
ACK: a4
DATA: 7fff6fad
STATE: 611e
HDR: 00b0000004
ACK: b0
DATA: 00ffff02
STATE: 9000
HDR: 00a4080404
ACK: a4
DATA: 7fff6f38
STATE: 611e
HDR: 00c000001e
ACK: c0
DATA: 621c8202412183026f38a5038001718a01058b036f06028002000c880120
STATE: 9000
HDR: 00b000000c
ACK: b0
DATA: 022a170c2336000000020000
STATE: 9000
HDR: 00a4080404
ACK: a4
DATA: 7fff6f56
STATE: 611e
HDR: 00c000001e
ACK: c0
DATA: 621c8202412183026f56a5038001718a01058b036f061380020001880128
STATE: 9000
HDR: 00b0000001
ACK: b0
DATA: 00
STATE: 9000
HDR: 00a4080404
ACK: a4
DATA: 7fff6f3b
STATE: 6120
HDR: 00c0000020
ACK: c0
DATA: 621e82054221001e0a83026f3ba5038001718a01058b036f06138002012c8800
STATE: 9000
HDR: 00a4080404
ACK: a4
DATA: 7fff6f4d
STATE: 6a82
HDR: 00a4080404
ACK: a4
DATA: 7f106f44
STATE: 6120
HDR: 00c0000020
ACK: c0
DATA: 621e82054621001e0a83026f44a5038001718a01058b036f06038002012c8800
STATE: 9000
HDR: 00a4080404
ACK: a4
DATA: 7fff6f49
STATE: 6a82
HDR: 00a4080404
ACK: a4
DATA: 7fff6f40
STATE: 6120
HDR: 00c0000020
ACK: c0
DATA: 621e82054221001e0483026f40a5038001718a01058b036f060f800200788800
STATE: 9000
HDR: 00a4080404
ACK: a4
DATA: 7fff6fb7
STATE: 6121
HDR: 00c0000021
ACK: c0
DATA: 621f8205422100100383026fb7a5038001718a01058b036f060780020030880108
STATE: 9000
HDR: 00a4080404
ACK: a4
DATA: 7fff6f7e
STATE: 611e
HDR: 00c000001e
ACK: c0
DATA: 621c8202412183026f7ea5038001718a01058b036f06118002000b880158
STATE: 9000
HDR: 00a4080404
ACK: a4
DATA: 7fff6f07
STATE: 611e
HDR: 00c000001e
ACK: c0
DATA: 621c8202412183026f07a5038001718a01058b036f060880020009880138
STATE: 9000
HDR: 00a4080406
ACK: a4
DATA: 7f105f3a4f30
STATE: 6120
HDR: 00c0000020
ACK: c0
DATA: 621e8205422100120183024f30a5038001718a01058b036f0607800200128800
STATE: 9000
HDR: 00b2010412
ACK: b2
DATA: a80ac0034f0202c5034f0404ffffffffffff
STATE: 9000
HDR: 00a4080406
ACK: a4
DATA: 7f105f3a4f02
STATE: 6121
HDR: 00c0000021
ACK: c0
DATA: 621f82054221001efa83024f02a5038001718a01058b036f060980021d4c880110
STATE: 9000
HDR: 00a4080404
ACK: a4
DATA: 7fff6f07
STATE: 611e
HDR: 00b0000009
ACK: b0
DATA: 082926100170459707
STATE: 9000
HDR: 00a4080404
ACK: a4
DATA: 7fff6f42
STATE: 6120
HDR: 00c0000020
ACK: c0
DATA: 621e8205422100280283026f42a5038001718a01058b036f060f800200508800
STATE: 9000
HDR: 00b2010428
ACK: b2
DATA: ffffffffffffffffffffffffe1ffffffffffffffffffffffff0791947101670000581f0d000000a8
STATE: 9000
HDR: 00b2020428
ACK: b2
DATA: ffffffffffffffffffffffffffffffffffffffffffffffffffffffffffffffffffffffffffffffff
STATE: 9000
HDR: 00a4080404
ACK: a4
DATA: 7fff6f3c
STATE: 6120
HDR: 00b20104b0
ACK: b2
DATA: 00ffffffffffffffffffffffffffffffffffffffffffffffffffffffffffffffffffffffffffffffffffffffffffffffffffffffffffffffffffffffffffffffffffffffffffffffffffffffffffffffffffffffffffffffffffffffffffffffffffffffffffffffffffffffffffffffffffffffffffffffffffffffffffffffffffffffffffffffffffffffffffffffffffffffffffffffffffffffffffffffffffffffffffffffffffffffffffffff
STATE: 9000
HDR: 00dc0104b0
ACK: dc
DATA: 00ffffffffffffffffffffffffffffffffffffffffffffffffffffffffffffffffffffffffffffffffffffffffffffffffffffffffffffffffffffffffffffffffffffffffffffffffffffffffffffffffffffffffffffffffffffffffffffffffffffffffffffffffffffffffffffffffffffffffffffffffffffffffffffffffffffffffffffffffffffffffffffffffffffffffffffffffffffffffffffffffffffffffffffffffffffffffffffff
STATE: 9000
HDR: 00a4080404
ACK: a4
DATA: 7fff6f3c
STATE: 6120
HDR: 00c0000020
ACK: c0
DATA: 621e8205422100b01483026f3ca5038001718a01058b036f060f80020dc08800
STATE: 9000
HDR: 00a4080404
ACK: a4
DATA: 7fff6f3c
STATE: 6120
HDR: 00c0000020
ACK: c0
DATA: 621e8205422100b01483026f3ca5038001718a01058b036f060f80020dc08800
STATE: 9000
HDR: 00b20104b0
ACK: b2
DATA: 00ffffffffffffffffffffffffffffffffffffffffffffffffffffffffffffffffffffffffffffffffffffffffffffffffffffffffffffffffffffffffffffffffffffffffffffffffffffffffffffffffffffffffffffffffffffffffffffffffffffffffffffffffffffffffffffffffffffffffffffffffffffffffffffffffffffffffffffffffffffffffffffffffffffffffffffffffffffffffffffffffffffffffffffffffffffffffffffff
STATE: 9000
HDR: 00b20204b0
ACK: b2
DATA: 00ffffffffffffffffffffffffffffffffffffffffffffffffffffffffffffffffffffffffffffffffffffffffffffffffffffffffffffffffffffffffffffffffffffffffffffffffffffffffffffffffffffffffffffffffffffffffffffffffffffffffffffffffffffffffffffffffffffffffffffffffffffffffffffffffffffffffffffffffffffffffffffffffffffffffffffffffffffffffffffffffffffffffffffffffffffffffffffff
STATE: 9000
HDR: 00b20304b0
ACK: b2
DATA: 00ffffffffffffffffffffffffffffffffffffffffffffffffffffffffffffffffffffffffffffffffffffffffffffffffffffffffffffffffffffffffffffffffffffffffffffffffffffffffffffffffffffffffffffffffffffffffffffffffffffffffffffffffffffffffffffffffffffffffffffffffffffffffffffffffffffffffffffffffffffffffffffffffffffffffffffffffffffffffffffffffffffffffffffffffffffffffffffff
STATE: 9000
HDR: 00b20404b0
ACK: b2
DATA: 00ffffffffffffffffffffffffffffffffffffffffffffffffffffffffffffffffffffffffffffffffffffffffffffffffffffffffffffffffffffffffffffffffffffffffffffffffffffffffffffffffffffffffffffffffffffffffffffffffffffffffffffffffffffffffffffffffffffffffffffffffffffffffffffffffffffffffffffffffffffffffffffffffffffffffffffffffffffffffffffffffffffffffffffffffffffffffffffff
STATE: 9000
HDR: 00b20504b0
ACK: b2
DATA: 00ffffffffffffffffffffffffffffffffffffffffffffffffffffffffffffffffffffffffffffffffffffffffffffffffffffffffffffffffffffffffffffffffffffffffffffffffffffffffffffffffffffffffffffffffffffffffffffffffffffffffffffffffffffffffffffffffffffffffffffffffffffffffffffffffffffffffffffffffffffffffffffffffffffffffffffffffffffffffffffffffffffffffffffffffffffffffffffff
STATE: 9000
HDR: 00b20604b0
ACK: b2
DATA: 00ffffffffffffffffffffffffffffffffffffffffffffffffffffffffffffffffffffffffffffffffffffffffffffffffffffffffffffffffffffffffffffffffffffffffffffffffffffffffffffffffffffffffffffffffffffffffffffffffffffffffffffffffffffffffffffffffffffffffffffffffffffffffffffffffffffffffffffffffffffffffffffffffffffffffffffffffffffffffffffffffffffffffffffffffffffffffffffff
STATE: 9000
HDR: 00b20704b0
ACK: b2
DATA: 00ffffffffffffffffffffffffffffffffffffffffffffffffffffffffffffffffffffffffffffffffffffffffffffffffffffffffffffffffffffffffffffffffffffffffffffffffffffffffffffffffffffffffffffffffffffffffffffffffffffffffffffffffffffffffffffffffffffffffffffffffffffffffffffffffffffffffffffffffffffffffffffffffffffffffffffffffffffffffffffffffffffffffffffffffffffffffffffff
STATE: 9000
HDR: 00b20804b0
ACK: b2
DATA: 00ffffffffffffffffffffffffffffffffffffffffffffffffffffffffffffffffffffffffffffffffffffffffffffffffffffffffffffffffffffffffffffffffffffffffffffffffffffffffffffffffffffffffffffffffffffffffffffffffffffffffffffffffffffffffffffffffffffffffffffffffffffffffffffffffffffffffffffffffffffffffffffffffffffffffffffffffffffffffffffffffffffffffffffffffffffffffffffff
STATE: 9000
HDR: 00b20904b0
ACK: b2
DATA: 00ffffffffffffffffffffffffffffffffffffffffffffffffffffffffffffffffffffffffffffffffffffffffffffffffffffffffffffffffffffffffffffffffffffffffffffffffffffffffffffffffffffffffffffffffffffffffffffffffffffffffffffffffffffffffffffffffffffffffffffffffffffffffffffffffffffffffffffffffffffffffffffffffffffffffffffffffffffffffffffffffffffffffffffffffffffffffffffff
STATE: 9000
HDR: 00b20a04b0
ACK: b2
DATA: 00ffffffffffffffffffffffffffffffffffffffffffffffffffffffffffffffffffffffffffffffffffffffffffffffffffffffffffffffffffffffffffffffffffffffffffffffffffffffffffffffffffffffffffffffffffffffffffffffffffffffffffffffffffffffffffffffffffffffffffffffffffffffffffffffffffffffffffffffffffffffffffffffffffffffffffffffffffffffffffffffffffffffffffffffffffffffffffffff
STATE: 9000
HDR: 00b20b04b0
ACK: b2
DATA: 00ffffffffffffffffffffffffffffffffffffffffffffffffffffffffffffffffffffffffffffffffffffffffffffffffffffffffffffffffffffffffffffffffffffffffffffffffffffffffffffffffffffffffffffffffffffffffffffffffffffffffffffffffffffffffffffffffffffffffffffffffffffffffffffffffffffffffffffffffffffffffffffffffffffffffffffffffffffffffffffffffffffffffffffffffffffffffffffff
STATE: 9000
HDR: 00b20c04b0
ACK: b2
DATA: 00ffffffffffffffffffffffffffffffffffffffffffffffffffffffffffffffffffffffffffffffffffffffffffffffffffffffffffffffffffffffffffffffffffffffffffffffffffffffffffffffffffffffffffffffffffffffffffffffffffffffffffffffffffffffffffffffffffffffffffffffffffffffffffffffffffffffffffffffffffffffffffffffffffffffffffffffffffffffffffffffffffffffffffffffffffffffffffffff
STATE: 9000
HDR: 00b20d04b0
ACK: b2
DATA: 00ffffffffffffffffffffffffffffffffffffffffffffffffffffffffffffffffffffffffffffffffffffffffffffffffffffffffffffffffffffffffffffffffffffffffffffffffffffffffffffffffffffffffffffffffffffffffffffffffffffffffffffffffffffffffffffffffffffffffffffffffffffffffffffffffffffffffffffffffffffffffffffffffffffffffffffffffffffffffffffffffffffffffffffffffffffffffffffff
STATE: 9000
HDR: 00b20e04b0
ACK: b2
DATA: 00ffffffffffffffffffffffffffffffffffffffffffffffffffffffffffffffffffffffffffffffffffffffffffffffffffffffffffffffffffffffffffffffffffffffffffffffffffffffffffffffffffffffffffffffffffffffffffffffffffffffffffffffffffffffffffffffffffffffffffffffffffffffffffffffffffffffffffffffffffffffffffffffffffffffffffffffffffffffffffffffffffffffffffffffffffffffffffffff
STATE: 9000
HDR: 00b20f04b0
ACK: b2
DATA: 00ffffffffffffffffffffffffffffffffffffffffffffffffffffffffffffffffffffffffffffffffffffffffffffffffffffffffffffffffffffffffffffffffffffffffffffffffffffffffffffffffffffffffffffffffffffffffffffffffffffffffffffffffffffffffffffffffffffffffffffffffffffffffffffffffffffffffffffffffffffffffffffffffffffffffffffffffffffffffffffffffffffffffffffffffffffffffffffff
STATE: 9000
HDR: 00b21004b0
ACK: b2
DATA: 00ffffffffffffffffffffffffffffffffffffffffffffffffffffffffffffffffffffffffffffffffffffffffffffffffffffffffffffffffffffffffffffffffffffffffffffffffffffffffffffffffffffffffffffffffffffffffffffffffffffffffffffffffffffffffffffffffffffffffffffffffffffffffffffffffffffffffffffffffffffffffffffffffffffffffffffffffffffffffffffffffffffffffffffffffffffffffffffff
STATE: 9000
HDR: 00b21104b0
ACK: b2
DATA: 00ffffffffffffffffffffffffffffffffffffffffffffffffffffffffffffffffffffffffffffffffffffffffffffffffffffffffffffffffffffffffffffffffffffffffffffffffffffffffffffffffffffffffffffffffffffffffffffffffffffffffffffffffffffffffffffffffffffffffffffffffffffffffffffffffffffffffffffffffffffffffffffffffffffffffffffffffffffffffffffffffffffffffffffffffffffffffffffff
STATE: 9000
HDR: 00b21204b0
ACK: b2
DATA: 00ffffffffffffffffffffffffffffffffffffffffffffffffffffffffffffffffffffffffffffffffffffffffffffffffffffffffffffffffffffffffffffffffffffffffffffffffffffffffffffffffffffffffffffffffffffffffffffffffffffffffffffffffffffffffffffffffffffffffffffffffffffffffffffffffffffffffffffffffffffffffffffffffffffffffffffffffffffffffffffffffffffffffffffffffffffffffffffff
STATE: 9000
HDR: 00b21304b0
ACK: b2
DATA: 00ffffffffffffffffffffffffffffffffffffffffffffffffffffffffffffffffffffffffffffffffffffffffffffffffffffffffffffffffffffffffffffffffffffffffffffffffffffffffffffffffffffffffffffffffffffffffffffffffffffffffffffffffffffffffffffffffffffffffffffffffffffffffffffffffffffffffffffffffffffffffffffffffffffffffffffffffffffffffffffffffffffffffffffffffffffffffffffff
STATE: 9000
HDR: 00b21404b0
ACK: b2
DATA: 00ffffffffffffffffffffffffffffffffffffffffffffffffffffffffffffffffffffffffffffffffffffffffffffffffffffffffffffffffffffffffffffffffffffffffffffffffffffffffffffffffffffffffffffffffffffffffffffffffffffffffffffffffffffffffffffffffffffffffffffffffffffffffffffffffffffffffffffffffffffffffffffffffffffffffffffffffffffffffffffffffffffffffffffffffffffffffffffff
STATE: 9000
HDR: 00a4080406
ACK: a4
DATA: 7f105f3a4f02
STATE: 6121
HDR: 00c0000021
ACK: c0
DATA: 621f82054221001efa83024f02a5038001718a01058b036f060980021d4c880110
STATE: 9000
HDR: 00a4080404
ACK: a4
DATA: 7fff6f3b
STATE: 6120
HDR: 00b201041e
ACK: b2
DATA: ffffffffffffffffffffffffffffffffffffffffffffffffffffffffffff
STATE: 9000
HDR: 00b202041e
ACK: b2
DATA: ffffffffffffffffffffffffffffffffffffffffffffffffffffffffffff
STATE: 9000
HDR: 00b203041e
ACK: b2
DATA: ffffffffffffffffffffffffffffffffffffffffffffffffffffffffffff
STATE: 9000
HDR: 00b204041e
ACK: b2
DATA: ffffffffffffffffffffffffffffffffffffffffffffffffffffffffffff
STATE: 9000
HDR: 00b205041e
ACK: b2
DATA: ffffffffffffffffffffffffffffffffffffffffffffffffffffffffffff
STATE: 9000
HDR: 00b206041e
ACK: b2
DATA: ffffffffffffffffffffffffffffffffffffffffffffffffffffffffffff
STATE: 9000
HDR: 00b207041e
ACK: b2
DATA: ffffffffffffffffffffffffffffffffffffffffffffffffffffffffffff
STATE: 9000
HDR: 00b208041e
ACK: b2
DATA: ffffffffffffffffffffffffffffffffffffffffffffffffffffffffffff
STATE: 9000
HDR: 00b209041e
ACK: b2
DATA: ffffffffffffffffffffffffffffffffffffffffffffffffffffffffffff
STATE: 9000
HDR: 00b20a041e
ACK: b2
DATA: ffffffffffffffffffffffffffffffffffffffffffffffffffffffffffff
STATE: 9000
